<?xml version="1.0" encoding="UTF-8"?>
<!-- Generated by org.testng.reporters.JUnitReportReporter -->
<testsuite hostname="LAPTOP-AOTFQ1S8" failures="0" tests="1" name="testRunner.Runner" time="1.442" errors="0" timestamp="2023-03-30T17:50:07 IST" skipped="0">
  <testcase classname="testRunner.Runner" name="runScenario" time="1.442"/>
  <system-out/>
</testsuite> <!-- testRunner.Runner -->
